<component name="libraryTable">
  <library name="junit">
    <CLASSES />
    <JAVADOC>
      <root url="file://$PROJECT_DIR$/../junit-4.13/javadoc" />
    </JAVADOC>
    <SOURCES>
      <root url="file://$PROJECT_DIR$/../junit-4.13/src/main/java" />
      <root url="file://$PROJECT_DIR$/../junit-4.13/src/test/java" />
    </SOURCES>
  </library>
</component>